<?xml version="1.0" encoding="UTF-8"?>
<!-- Generated by org.testng.reporters.JUnitXMLReporter -->
<testsuite hostname="classroom-PC" name="myTest" tests="4" failures="0" timestamp="21 Jan 2020 13:47:19 GMT" time="56.664" errors="0">
  <testcase name="addEmp" time="40.199" classname="myPack.Prasad"/>
  <testcase name="deleteEmp" time="0.001" classname="myPack.Prasad"/>
  <testcase name="editEmp" time="0.0" classname="myPack.Prasad"/>
  <testcase name="verifyLogin" time="16.43" classname="myPack.Prasad"/>
</testsuite> <!-- myTest -->
